Conectado al broker (consumer por tiempo).
Broker dice: READY
Mensaje recibido => ID: 4, Contenido: Hola desde el producer!
Mensaje recibido => ID: 11, Contenido: Hola desde el producer!
Mensaje recibido => ID: 17, Contenido: Hola desde el producer!
Mensaje recibido => ID: 23, Contenido: Hola desde el producer!
Mensaje recibido => ID: 29, Contenido: Hola desde el producer!
Mensaje recibido => ID: 35, Contenido: Hola desde el producer!
Mensaje recibido => ID: 41, Contenido: Hola desde el producer!
Mensaje recibido => ID: 47, Contenido: Hola desde el producer!
Mensaje recibido => ID: 53, Contenido: Hola desde el producer!
Mensaje recibido => ID: 59, Contenido: Hola desde el producer!
Mensaje recibido => ID: 65, Contenido: Hola desde el producer!
Mensaje recibido => ID: 71, Contenido: Hola desde el producer!
Mensaje recibido => ID: 77, Contenido: Hola desde el producer!
Mensaje recibido => ID: 83, Contenido: Hola desde el producer!
Mensaje recibido => ID: 89, Contenido: Hola desde el producer!
Mensaje recibido => ID: 95, Contenido: Hola desde el producer!
Mensaje recibido => ID: 101, Contenido: Hola desde el producer!
Mensaje recibido => ID: 107, Contenido: Hola desde el producer!
Mensaje recibido => ID: 113, Contenido: Hola desde el producer!
Mensaje recibido => ID: 119, Contenido: Hola desde el producer!
Mensaje recibido => ID: 125, Contenido: Hola desde el producer!
Mensaje recibido => ID: 131, Contenido: Hola desde el producer!
Mensaje recibido => ID: 137, Contenido: Hola desde el producer!
Mensaje recibido => ID: 143, Contenido: Hola desde el producer!
Mensaje recibido => ID: 149, Contenido: Hola desde el producer!
Mensaje recibido => ID: 155, Contenido: Hola desde el producer!
Mensaje recibido => ID: 161, Contenido: Hola desde el producer!
Mensaje recibido => ID: 168, Contenido: Hola desde el producer!
Mensaje recibido => ID: 174, Contenido: Hola desde el producer!
Mensaje recibido => ID: 180, Contenido: Hola desde el producer!
Mensaje recibido => ID: 186, Contenido: Hola desde el producer!
Mensaje recibido => ID: 193, Contenido: Hola desde el producer!
Mensaje recibido => ID: 199, Contenido: Hola desde el producer!
Mensaje recibido => ID: 205, Contenido: Hola desde el producer!
Mensaje recibido => ID: 211, Contenido: Hola desde el producer!
Mensaje recibido => ID: 217, Contenido: Hola desde el producer!
Mensaje recibido => ID: 223, Contenido: Hola desde el producer!
Mensaje recibido => ID: 229, Contenido: Hola desde el producer!
Mensaje recibido => ID: 235, Contenido: Hola desde el producer!
Mensaje recibido => ID: 241, Contenido: Hola desde el producer!
Mensaje recibido => ID: 247, Contenido: Hola desde el producer!
Mensaje recibido => ID: 253, Contenido: Hola desde el producer!
Mensaje recibido => ID: 259, Contenido: Hola desde el producer!
Mensaje recibido => ID: 265, Contenido: Hola desde el producer!
Mensaje recibido => ID: 271, Contenido: Hola desde el producer!
Mensaje recibido => ID: 277, Contenido: Hola desde el producer!
Mensaje recibido => ID: 283, Contenido: Hola desde el producer!
Mensaje recibido => ID: 289, Contenido: Hola desde el producer!
Mensaje recibido => ID: 295, Contenido: Hola desde el producer!
Mensaje recibido => ID: 301, Contenido: Hola desde el producer!
Mensaje recibido => ID: 307, Contenido: Hola desde el producer!
Mensaje recibido => ID: 313, Contenido: Hola desde el producer!
Mensaje recibido => ID: 319, Contenido: Hola desde el producer!
Mensaje recibido => ID: 325, Contenido: Hola desde el producer!
Mensaje recibido => ID: 331, Contenido: Hola desde el producer!
Mensaje recibido => ID: 337, Contenido: Hola desde el producer!
Mensaje recibido => ID: 343, Contenido: Hola desde el producer!
Mensaje recibido => ID: 349, Contenido: Hola desde el producer!
Mensaje recibido => ID: 355, Contenido: Hola desde el producer!
Mensaje recibido => ID: 361, Contenido: Hola desde el producer!
Mensaje recibido => ID: 367, Contenido: Hola desde el producer!
Mensaje recibido => ID: 373, Contenido: Hola desde el producer!
Mensaje recibido => ID: 379, Contenido: Hola desde el producer!
Mensaje recibido => ID: 385, Contenido: Hola desde el producer!
Mensaje recibido => ID: 391, Contenido: Hola desde el producer!
Mensaje recibido => ID: 397, Contenido: Hola desde el producer!
Mensaje recibido => ID: 403, Contenido: Hola desde el producer!
Mensaje recibido => ID: 409, Contenido: Hola desde el producer!
Mensaje recibido => ID: 415, Contenido: Hola desde el producer!
Mensaje recibido => ID: 421, Contenido: Hola desde el producer!
Mensaje recibido => ID: 427, Contenido: Hola desde el producer!
Mensaje recibido => ID: 433, Contenido: Hola desde el producer!
Mensaje recibido => ID: 439, Contenido: Hola desde el producer!
Mensaje recibido => ID: 445, Contenido: Hola desde el producer!
Mensaje recibido => ID: 451, Contenido: Hola desde el producer!
Mensaje recibido => ID: 457, Contenido: Hola desde el producer!
Mensaje recibido => ID: 463, Contenido: Hola desde el producer!
Mensaje recibido => ID: 469, Contenido: Hola desde el producer!
Mensaje recibido => ID: 475, Contenido: Hola desde el producer!
Mensaje recibido => ID: 481, Contenido: Hola desde el producer!
Mensaje recibido => ID: 487, Contenido: Hola desde el producer!
Mensaje recibido => ID: 493, Contenido: Hola desde el producer!
Mensaje recibido => ID: 499, Contenido: Hola desde el producer!
Mensaje recibido => ID: 505, Contenido: Hola desde el producer!
Mensaje recibido => ID: 511, Contenido: Hola desde el producer!
Mensaje recibido => ID: 517, Contenido: Hola desde el producer!
Mensaje recibido => ID: 523, Contenido: Hola desde el producer!
Mensaje recibido => ID: 529, Contenido: Hola desde el producer!
Mensaje recibido => ID: 535, Contenido: Hola desde el producer!
Mensaje recibido => ID: 541, Contenido: Hola desde el producer!
Mensaje recibido => ID: 547, Contenido: Hola desde el producer!
Mensaje recibido => ID: 553, Contenido: Hola desde el producer!
Mensaje recibido => ID: 559, Contenido: Hola desde el producer!
Mensaje recibido => ID: 565, Contenido: Hola desde el producer!
Mensaje recibido => ID: 571, Contenido: Hola desde el producer!
Mensaje recibido => ID: 577, Contenido: Hola desde el producer!
Mensaje recibido => ID: 583, Contenido: Hola desde el producer!
Mensaje recibido => ID: 589, Contenido: Hola desde el producer!
Mensaje recibido => ID: 595, Contenido: Hola desde el producer!
Mensaje recibido => ID: 601, Contenido: Hola desde el producer!
Mensaje recibido => ID: 607, Contenido: Hola desde el producer!
Mensaje recibido => ID: 613, Contenido: Hola desde el producer!
Mensaje recibido => ID: 619, Contenido: Hola desde el producer!
Mensaje recibido => ID: 625, Contenido: Hola desde el producer!
Mensaje recibido => ID: 631, Contenido: Hola desde el producer!
Mensaje recibido => ID: 637, Contenido: Hola desde el producer!
Mensaje recibido => ID: 643, Contenido: Hola desde el producer!
Mensaje recibido => ID: 649, Contenido: Hola desde el producer!
Mensaje recibido => ID: 655, Contenido: Hola desde el producer!
Mensaje recibido => ID: 661, Contenido: Hola desde el producer!
Mensaje recibido => ID: 667, Contenido: Hola desde el producer!
Mensaje recibido => ID: 673, Contenido: Hola desde el producer!
Mensaje recibido => ID: 679, Contenido: Hola desde el producer!
Mensaje recibido => ID: 685, Contenido: Hola desde el producer!
Mensaje recibido => ID: 691, Contenido: Hola desde el producer!
Mensaje recibido => ID: 697, Contenido: Hola desde el producer!
Mensaje recibido => ID: 703, Contenido: Hola desde el producer!
Mensaje recibido => ID: 709, Contenido: Hola desde el producer!
Mensaje recibido => ID: 715, Contenido: Hola desde el producer!
Mensaje recibido => ID: 721, Contenido: Hola desde el producer!
Mensaje recibido => ID: 727, Contenido: Hola desde el producer!
Mensaje recibido => ID: 733, Contenido: Hola desde el producer!
Mensaje recibido => ID: 739, Contenido: Hola desde el producer!
Mensaje recibido => ID: 745, Contenido: Hola desde el producer!
Mensaje recibido => ID: 751, Contenido: Hola desde el producer!
Mensaje recibido => ID: 757, Contenido: Hola desde el producer!
Mensaje recibido => ID: 763, Contenido: Hola desde el producer!
Mensaje recibido => ID: 769, Contenido: Hola desde el producer!
Mensaje recibido => ID: 775, Contenido: Hola desde el producer!
Mensaje recibido => ID: 781, Contenido: Hola desde el producer!
Mensaje recibido => ID: 787, Contenido: Hola desde el producer!
Mensaje recibido => ID: 793, Contenido: Hola desde el producer!
Mensaje recibido => ID: 799, Contenido: Hola desde el producer!
Mensaje recibido => ID: 805, Contenido: Hola desde el producer!
Mensaje recibido => ID: 811, Contenido: Hola desde el producer!
Mensaje recibido => ID: 817, Contenido: Hola desde el producer!
Mensaje recibido => ID: 823, Contenido: Hola desde el producer!
Mensaje recibido => ID: 829, Contenido: Hola desde el producer!
Mensaje recibido => ID: 835, Contenido: Hola desde el producer!
Mensaje recibido => ID: 841, Contenido: Hola desde el producer!
Mensaje recibido => ID: 847, Contenido: Hola desde el producer!
Mensaje recibido => ID: 853, Contenido: Hola desde el producer!
Mensaje recibido => ID: 859, Contenido: Hola desde el producer!
Mensaje recibido => ID: 865, Contenido: Hola desde el producer!
Mensaje recibido => ID: 871, Contenido: Hola desde el producer!
Mensaje recibido => ID: 877, Contenido: Hola desde el producer!
Mensaje recibido => ID: 883, Contenido: Hola desde el producer!
Mensaje recibido => ID: 889, Contenido: Hola desde el producer!
Mensaje recibido => ID: 895, Contenido: Hola desde el producer!
Mensaje recibido => ID: 901, Contenido: Hola desde el producer!
Mensaje recibido => ID: 907, Contenido: Hola desde el producer!
Mensaje recibido => ID: 913, Contenido: Hola desde el producer!
Mensaje recibido => ID: 919, Contenido: Hola desde el producer!
Mensaje recibido => ID: 925, Contenido: Hola desde el producer!
Mensaje recibido => ID: 931, Contenido: Hola desde el producer!
Mensaje recibido => ID: 937, Contenido: Hola desde el producer!
Mensaje recibido => ID: 943, Contenido: Hola desde el producer!
Mensaje recibido => ID: 949, Contenido: Hola desde el producer!
Mensaje recibido => ID: 955, Contenido: Hola desde el producer!
Mensaje recibido => ID: 961, Contenido: Hola desde el producer!
Mensaje recibido => ID: 967, Contenido: Hola desde el producer!
Mensaje recibido => ID: 973, Contenido: Hola desde el producer!
Mensaje recibido => ID: 979, Contenido: Hola desde el producer!
Mensaje recibido => ID: 985, Contenido: Hola desde el producer!
Mensaje recibido => ID: 991, Contenido: Hola desde el producer!
Respuesta del broker: NO_MESSAGES
Respuesta del broker: NO_MESSAGES
Respuesta del broker: NO_MESSAGES
Respuesta del broker: NO_MESSAGES
Respuesta del broker: NO_MESSAGES
Respuesta del broker: NO_MESSAGES
Respuesta del broker: NO_MESSAGES
Respuesta del broker: NO_MESSAGES
Respuesta del broker: NO_MESSAGES
Respuesta del broker: NO_MESSAGES
No se han recibido mensajes en 10 segundos. Enviando mensaje de apagado al broker y cerrando.
