Conectado al broker (consumer por tiempo).
Broker dice: READY
Mensaje recibido => ID: 6, Contenido: Hola desde el producer!
Mensaje recibido => ID: 12, Contenido: Hola desde el producer!
Mensaje recibido => ID: 18, Contenido: Hola desde el producer!
Mensaje recibido => ID: 24, Contenido: Hola desde el producer!
Mensaje recibido => ID: 30, Contenido: Hola desde el producer!
Mensaje recibido => ID: 36, Contenido: Hola desde el producer!
Mensaje recibido => ID: 42, Contenido: Hola desde el producer!
Mensaje recibido => ID: 48, Contenido: Hola desde el producer!
Mensaje recibido => ID: 54, Contenido: Hola desde el producer!
Mensaje recibido => ID: 60, Contenido: Hola desde el producer!
Mensaje recibido => ID: 66, Contenido: Hola desde el producer!
Mensaje recibido => ID: 72, Contenido: Hola desde el producer!
Mensaje recibido => ID: 78, Contenido: Hola desde el producer!
Mensaje recibido => ID: 84, Contenido: Hola desde el producer!
Mensaje recibido => ID: 90, Contenido: Hola desde el producer!
Mensaje recibido => ID: 96, Contenido: Hola desde el producer!
Mensaje recibido => ID: 102, Contenido: Hola desde el producer!
Mensaje recibido => ID: 108, Contenido: Hola desde el producer!
Mensaje recibido => ID: 114, Contenido: Hola desde el producer!
Mensaje recibido => ID: 120, Contenido: Hola desde el producer!
Mensaje recibido => ID: 126, Contenido: Hola desde el producer!
Mensaje recibido => ID: 132, Contenido: Hola desde el producer!
Mensaje recibido => ID: 138, Contenido: Hola desde el producer!
Mensaje recibido => ID: 144, Contenido: Hola desde el producer!
Mensaje recibido => ID: 150, Contenido: Hola desde el producer!
Mensaje recibido => ID: 156, Contenido: Hola desde el producer!
Mensaje recibido => ID: 162, Contenido: Hola desde el producer!
Mensaje recibido => ID: 169, Contenido: Hola desde el producer!
Mensaje recibido => ID: 175, Contenido: Hola desde el producer!
Mensaje recibido => ID: 181, Contenido: Hola desde el producer!
Mensaje recibido => ID: 187, Contenido: Hola desde el producer!
Mensaje recibido => ID: 194, Contenido: Hola desde el producer!
Mensaje recibido => ID: 200, Contenido: Hola desde el producer!
Mensaje recibido => ID: 206, Contenido: Hola desde el producer!
Mensaje recibido => ID: 212, Contenido: Hola desde el producer!
Mensaje recibido => ID: 218, Contenido: Hola desde el producer!
Mensaje recibido => ID: 224, Contenido: Hola desde el producer!
Mensaje recibido => ID: 230, Contenido: Hola desde el producer!
Mensaje recibido => ID: 236, Contenido: Hola desde el producer!
Mensaje recibido => ID: 242, Contenido: Hola desde el producer!
Mensaje recibido => ID: 248, Contenido: Hola desde el producer!
Mensaje recibido => ID: 254, Contenido: Hola desde el producer!
Mensaje recibido => ID: 260, Contenido: Hola desde el producer!
Mensaje recibido => ID: 266, Contenido: Hola desde el producer!
Mensaje recibido => ID: 272, Contenido: Hola desde el producer!
Mensaje recibido => ID: 278, Contenido: Hola desde el producer!
Mensaje recibido => ID: 284, Contenido: Hola desde el producer!
Mensaje recibido => ID: 290, Contenido: Hola desde el producer!
Mensaje recibido => ID: 296, Contenido: Hola desde el producer!
Mensaje recibido => ID: 302, Contenido: Hola desde el producer!
Mensaje recibido => ID: 308, Contenido: Hola desde el producer!
Mensaje recibido => ID: 314, Contenido: Hola desde el producer!
Mensaje recibido => ID: 320, Contenido: Hola desde el producer!
Mensaje recibido => ID: 326, Contenido: Hola desde el producer!
Mensaje recibido => ID: 332, Contenido: Hola desde el producer!
Mensaje recibido => ID: 338, Contenido: Hola desde el producer!
Mensaje recibido => ID: 344, Contenido: Hola desde el producer!
Mensaje recibido => ID: 350, Contenido: Hola desde el producer!
Mensaje recibido => ID: 356, Contenido: Hola desde el producer!
Mensaje recibido => ID: 362, Contenido: Hola desde el producer!
Mensaje recibido => ID: 368, Contenido: Hola desde el producer!
Mensaje recibido => ID: 374, Contenido: Hola desde el producer!
Mensaje recibido => ID: 380, Contenido: Hola desde el producer!
Mensaje recibido => ID: 386, Contenido: Hola desde el producer!
Mensaje recibido => ID: 392, Contenido: Hola desde el producer!
Mensaje recibido => ID: 398, Contenido: Hola desde el producer!
Mensaje recibido => ID: 404, Contenido: Hola desde el producer!
Mensaje recibido => ID: 410, Contenido: Hola desde el producer!
Mensaje recibido => ID: 416, Contenido: Hola desde el producer!
Mensaje recibido => ID: 422, Contenido: Hola desde el producer!
Mensaje recibido => ID: 428, Contenido: Hola desde el producer!
Mensaje recibido => ID: 434, Contenido: Hola desde el producer!
Mensaje recibido => ID: 440, Contenido: Hola desde el producer!
Mensaje recibido => ID: 446, Contenido: Hola desde el producer!
Mensaje recibido => ID: 452, Contenido: Hola desde el producer!
Mensaje recibido => ID: 458, Contenido: Hola desde el producer!
Mensaje recibido => ID: 464, Contenido: Hola desde el producer!
Mensaje recibido => ID: 470, Contenido: Hola desde el producer!
Mensaje recibido => ID: 476, Contenido: Hola desde el producer!
Mensaje recibido => ID: 482, Contenido: Hola desde el producer!
Mensaje recibido => ID: 488, Contenido: Hola desde el producer!
Mensaje recibido => ID: 494, Contenido: Hola desde el producer!
Mensaje recibido => ID: 500, Contenido: Hola desde el producer!
Mensaje recibido => ID: 506, Contenido: Hola desde el producer!
Mensaje recibido => ID: 512, Contenido: Hola desde el producer!
Mensaje recibido => ID: 518, Contenido: Hola desde el producer!
Mensaje recibido => ID: 524, Contenido: Hola desde el producer!
Mensaje recibido => ID: 530, Contenido: Hola desde el producer!
Mensaje recibido => ID: 536, Contenido: Hola desde el producer!
Mensaje recibido => ID: 542, Contenido: Hola desde el producer!
Mensaje recibido => ID: 548, Contenido: Hola desde el producer!
Mensaje recibido => ID: 554, Contenido: Hola desde el producer!
Mensaje recibido => ID: 560, Contenido: Hola desde el producer!
Mensaje recibido => ID: 566, Contenido: Hola desde el producer!
Mensaje recibido => ID: 572, Contenido: Hola desde el producer!
Mensaje recibido => ID: 578, Contenido: Hola desde el producer!
Mensaje recibido => ID: 584, Contenido: Hola desde el producer!
Mensaje recibido => ID: 590, Contenido: Hola desde el producer!
Mensaje recibido => ID: 596, Contenido: Hola desde el producer!
Mensaje recibido => ID: 602, Contenido: Hola desde el producer!
Mensaje recibido => ID: 608, Contenido: Hola desde el producer!
Mensaje recibido => ID: 614, Contenido: Hola desde el producer!
Mensaje recibido => ID: 620, Contenido: Hola desde el producer!
Mensaje recibido => ID: 626, Contenido: Hola desde el producer!
Mensaje recibido => ID: 632, Contenido: Hola desde el producer!
Mensaje recibido => ID: 638, Contenido: Hola desde el producer!
Mensaje recibido => ID: 644, Contenido: Hola desde el producer!
Mensaje recibido => ID: 650, Contenido: Hola desde el producer!
Mensaje recibido => ID: 656, Contenido: Hola desde el producer!
Mensaje recibido => ID: 662, Contenido: Hola desde el producer!
Mensaje recibido => ID: 668, Contenido: Hola desde el producer!
Mensaje recibido => ID: 674, Contenido: Hola desde el producer!
Mensaje recibido => ID: 680, Contenido: Hola desde el producer!
Mensaje recibido => ID: 686, Contenido: Hola desde el producer!
Mensaje recibido => ID: 692, Contenido: Hola desde el producer!
Mensaje recibido => ID: 698, Contenido: Hola desde el producer!
Mensaje recibido => ID: 704, Contenido: Hola desde el producer!
Mensaje recibido => ID: 710, Contenido: Hola desde el producer!
Mensaje recibido => ID: 716, Contenido: Hola desde el producer!
Mensaje recibido => ID: 722, Contenido: Hola desde el producer!
Mensaje recibido => ID: 728, Contenido: Hola desde el producer!
Mensaje recibido => ID: 734, Contenido: Hola desde el producer!
Mensaje recibido => ID: 740, Contenido: Hola desde el producer!
Mensaje recibido => ID: 746, Contenido: Hola desde el producer!
Mensaje recibido => ID: 752, Contenido: Hola desde el producer!
Mensaje recibido => ID: 758, Contenido: Hola desde el producer!
Mensaje recibido => ID: 764, Contenido: Hola desde el producer!
Mensaje recibido => ID: 770, Contenido: Hola desde el producer!
Mensaje recibido => ID: 776, Contenido: Hola desde el producer!
Mensaje recibido => ID: 782, Contenido: Hola desde el producer!
Mensaje recibido => ID: 788, Contenido: Hola desde el producer!
Mensaje recibido => ID: 794, Contenido: Hola desde el producer!
Mensaje recibido => ID: 800, Contenido: Hola desde el producer!
Mensaje recibido => ID: 806, Contenido: Hola desde el producer!
Mensaje recibido => ID: 812, Contenido: Hola desde el producer!
Mensaje recibido => ID: 818, Contenido: Hola desde el producer!
Mensaje recibido => ID: 824, Contenido: Hola desde el producer!
Mensaje recibido => ID: 830, Contenido: Hola desde el producer!
Mensaje recibido => ID: 836, Contenido: Hola desde el producer!
Mensaje recibido => ID: 842, Contenido: Hola desde el producer!
Mensaje recibido => ID: 848, Contenido: Hola desde el producer!
Mensaje recibido => ID: 854, Contenido: Hola desde el producer!
Mensaje recibido => ID: 860, Contenido: Hola desde el producer!
Mensaje recibido => ID: 866, Contenido: Hola desde el producer!
Mensaje recibido => ID: 872, Contenido: Hola desde el producer!
Mensaje recibido => ID: 878, Contenido: Hola desde el producer!
Mensaje recibido => ID: 884, Contenido: Hola desde el producer!
Mensaje recibido => ID: 890, Contenido: Hola desde el producer!
Mensaje recibido => ID: 896, Contenido: Hola desde el producer!
Mensaje recibido => ID: 902, Contenido: Hola desde el producer!
Mensaje recibido => ID: 908, Contenido: Hola desde el producer!
Mensaje recibido => ID: 914, Contenido: Hola desde el producer!
Mensaje recibido => ID: 920, Contenido: Hola desde el producer!
Mensaje recibido => ID: 926, Contenido: Hola desde el producer!
Mensaje recibido => ID: 932, Contenido: Hola desde el producer!
Mensaje recibido => ID: 938, Contenido: Hola desde el producer!
Mensaje recibido => ID: 944, Contenido: Hola desde el producer!
Mensaje recibido => ID: 950, Contenido: Hola desde el producer!
Mensaje recibido => ID: 956, Contenido: Hola desde el producer!
Mensaje recibido => ID: 962, Contenido: Hola desde el producer!
Mensaje recibido => ID: 968, Contenido: Hola desde el producer!
Mensaje recibido => ID: 974, Contenido: Hola desde el producer!
Mensaje recibido => ID: 980, Contenido: Hola desde el producer!
Mensaje recibido => ID: 986, Contenido: Hola desde el producer!
Mensaje recibido => ID: 992, Contenido: Hola desde el producer!
Respuesta del broker: NO_MESSAGES
Respuesta del broker: NO_MESSAGES
Respuesta del broker: NO_MESSAGES
Respuesta del broker: NO_MESSAGES
Respuesta del broker: NO_MESSAGES
Respuesta del broker: NO_MESSAGES
Respuesta del broker: NO_MESSAGES
Respuesta del broker: NO_MESSAGES
Respuesta del broker: NO_MESSAGES
Respuesta del broker: NO_MESSAGES
No se han recibido mensajes en 10 segundos. Enviando mensaje de apagado al broker y cerrando.
