Conectado al broker (consumer por tiempo).
Broker dice: READY
Mensaje recibido => ID: 3, Contenido: Hola desde el producer!
Mensaje recibido => ID: 10, Contenido: Hola desde el producer!
Mensaje recibido => ID: 16, Contenido: Hola desde el producer!
Mensaje recibido => ID: 22, Contenido: Hola desde el producer!
Mensaje recibido => ID: 28, Contenido: Hola desde el producer!
Mensaje recibido => ID: 34, Contenido: Hola desde el producer!
Mensaje recibido => ID: 40, Contenido: Hola desde el producer!
Mensaje recibido => ID: 46, Contenido: Hola desde el producer!
Mensaje recibido => ID: 52, Contenido: Hola desde el producer!
Mensaje recibido => ID: 58, Contenido: Hola desde el producer!
Mensaje recibido => ID: 64, Contenido: Hola desde el producer!
Mensaje recibido => ID: 70, Contenido: Hola desde el producer!
Mensaje recibido => ID: 76, Contenido: Hola desde el producer!
Mensaje recibido => ID: 82, Contenido: Hola desde el producer!
Mensaje recibido => ID: 88, Contenido: Hola desde el producer!
Mensaje recibido => ID: 94, Contenido: Hola desde el producer!
Mensaje recibido => ID: 100, Contenido: Hola desde el producer!
Mensaje recibido => ID: 106, Contenido: Hola desde el producer!
Mensaje recibido => ID: 112, Contenido: Hola desde el producer!
Mensaje recibido => ID: 118, Contenido: Hola desde el producer!
Mensaje recibido => ID: 124, Contenido: Hola desde el producer!
Mensaje recibido => ID: 130, Contenido: Hola desde el producer!
Mensaje recibido => ID: 136, Contenido: Hola desde el producer!
Mensaje recibido => ID: 142, Contenido: Hola desde el producer!
Mensaje recibido => ID: 148, Contenido: Hola desde el producer!
Mensaje recibido => ID: 154, Contenido: Hola desde el producer!
Mensaje recibido => ID: 160, Contenido: Hola desde el producer!
Mensaje recibido => ID: 167, Contenido: Hola desde el producer!
Mensaje recibido => ID: 173, Contenido: Hola desde el producer!
Mensaje recibido => ID: 179, Contenido: Hola desde el producer!
Mensaje recibido => ID: 185, Contenido: Hola desde el producer!
Mensaje recibido => ID: 192, Contenido: Hola desde el producer!
Mensaje recibido => ID: 198, Contenido: Hola desde el producer!
Mensaje recibido => ID: 204, Contenido: Hola desde el producer!
Mensaje recibido => ID: 210, Contenido: Hola desde el producer!
Mensaje recibido => ID: 216, Contenido: Hola desde el producer!
Mensaje recibido => ID: 222, Contenido: Hola desde el producer!
Mensaje recibido => ID: 228, Contenido: Hola desde el producer!
Mensaje recibido => ID: 234, Contenido: Hola desde el producer!
Mensaje recibido => ID: 240, Contenido: Hola desde el producer!
Mensaje recibido => ID: 246, Contenido: Hola desde el producer!
Mensaje recibido => ID: 252, Contenido: Hola desde el producer!
Mensaje recibido => ID: 258, Contenido: Hola desde el producer!
Mensaje recibido => ID: 264, Contenido: Hola desde el producer!
Mensaje recibido => ID: 270, Contenido: Hola desde el producer!
Mensaje recibido => ID: 276, Contenido: Hola desde el producer!
Mensaje recibido => ID: 282, Contenido: Hola desde el producer!
Mensaje recibido => ID: 288, Contenido: Hola desde el producer!
Mensaje recibido => ID: 294, Contenido: Hola desde el producer!
Mensaje recibido => ID: 300, Contenido: Hola desde el producer!
Mensaje recibido => ID: 306, Contenido: Hola desde el producer!
Mensaje recibido => ID: 312, Contenido: Hola desde el producer!
Mensaje recibido => ID: 318, Contenido: Hola desde el producer!
Mensaje recibido => ID: 324, Contenido: Hola desde el producer!
Mensaje recibido => ID: 330, Contenido: Hola desde el producer!
Mensaje recibido => ID: 336, Contenido: Hola desde el producer!
Mensaje recibido => ID: 342, Contenido: Hola desde el producer!
Mensaje recibido => ID: 348, Contenido: Hola desde el producer!
Mensaje recibido => ID: 354, Contenido: Hola desde el producer!
Mensaje recibido => ID: 360, Contenido: Hola desde el producer!
Mensaje recibido => ID: 366, Contenido: Hola desde el producer!
Mensaje recibido => ID: 372, Contenido: Hola desde el producer!
Mensaje recibido => ID: 378, Contenido: Hola desde el producer!
Mensaje recibido => ID: 384, Contenido: Hola desde el producer!
Mensaje recibido => ID: 390, Contenido: Hola desde el producer!
Mensaje recibido => ID: 396, Contenido: Hola desde el producer!
Mensaje recibido => ID: 402, Contenido: Hola desde el producer!
Mensaje recibido => ID: 408, Contenido: Hola desde el producer!
Mensaje recibido => ID: 414, Contenido: Hola desde el producer!
Mensaje recibido => ID: 420, Contenido: Hola desde el producer!
Mensaje recibido => ID: 426, Contenido: Hola desde el producer!
Mensaje recibido => ID: 432, Contenido: Hola desde el producer!
Mensaje recibido => ID: 438, Contenido: Hola desde el producer!
Mensaje recibido => ID: 444, Contenido: Hola desde el producer!
Mensaje recibido => ID: 450, Contenido: Hola desde el producer!
Mensaje recibido => ID: 456, Contenido: Hola desde el producer!
Mensaje recibido => ID: 462, Contenido: Hola desde el producer!
Mensaje recibido => ID: 468, Contenido: Hola desde el producer!
Mensaje recibido => ID: 474, Contenido: Hola desde el producer!
Mensaje recibido => ID: 480, Contenido: Hola desde el producer!
Mensaje recibido => ID: 486, Contenido: Hola desde el producer!
Mensaje recibido => ID: 492, Contenido: Hola desde el producer!
Mensaje recibido => ID: 498, Contenido: Hola desde el producer!
Mensaje recibido => ID: 504, Contenido: Hola desde el producer!
Mensaje recibido => ID: 510, Contenido: Hola desde el producer!
Mensaje recibido => ID: 516, Contenido: Hola desde el producer!
Mensaje recibido => ID: 522, Contenido: Hola desde el producer!
Mensaje recibido => ID: 528, Contenido: Hola desde el producer!
Mensaje recibido => ID: 534, Contenido: Hola desde el producer!
Mensaje recibido => ID: 540, Contenido: Hola desde el producer!
Mensaje recibido => ID: 546, Contenido: Hola desde el producer!
Mensaje recibido => ID: 552, Contenido: Hola desde el producer!
Mensaje recibido => ID: 558, Contenido: Hola desde el producer!
Mensaje recibido => ID: 564, Contenido: Hola desde el producer!
Mensaje recibido => ID: 570, Contenido: Hola desde el producer!
Mensaje recibido => ID: 576, Contenido: Hola desde el producer!
Mensaje recibido => ID: 582, Contenido: Hola desde el producer!
Mensaje recibido => ID: 588, Contenido: Hola desde el producer!
Mensaje recibido => ID: 594, Contenido: Hola desde el producer!
Mensaje recibido => ID: 600, Contenido: Hola desde el producer!
Mensaje recibido => ID: 606, Contenido: Hola desde el producer!
Mensaje recibido => ID: 612, Contenido: Hola desde el producer!
Mensaje recibido => ID: 618, Contenido: Hola desde el producer!
Mensaje recibido => ID: 624, Contenido: Hola desde el producer!
Mensaje recibido => ID: 630, Contenido: Hola desde el producer!
Mensaje recibido => ID: 636, Contenido: Hola desde el producer!
Mensaje recibido => ID: 642, Contenido: Hola desde el producer!
Mensaje recibido => ID: 648, Contenido: Hola desde el producer!
Mensaje recibido => ID: 654, Contenido: Hola desde el producer!
Mensaje recibido => ID: 660, Contenido: Hola desde el producer!
Mensaje recibido => ID: 666, Contenido: Hola desde el producer!
Mensaje recibido => ID: 672, Contenido: Hola desde el producer!
Mensaje recibido => ID: 678, Contenido: Hola desde el producer!
Mensaje recibido => ID: 684, Contenido: Hola desde el producer!
Mensaje recibido => ID: 690, Contenido: Hola desde el producer!
Mensaje recibido => ID: 696, Contenido: Hola desde el producer!
Mensaje recibido => ID: 702, Contenido: Hola desde el producer!
Mensaje recibido => ID: 708, Contenido: Hola desde el producer!
Mensaje recibido => ID: 714, Contenido: Hola desde el producer!
Mensaje recibido => ID: 720, Contenido: Hola desde el producer!
Mensaje recibido => ID: 726, Contenido: Hola desde el producer!
Mensaje recibido => ID: 732, Contenido: Hola desde el producer!
Mensaje recibido => ID: 738, Contenido: Hola desde el producer!
Mensaje recibido => ID: 744, Contenido: Hola desde el producer!
Mensaje recibido => ID: 750, Contenido: Hola desde el producer!
Mensaje recibido => ID: 756, Contenido: Hola desde el producer!
Mensaje recibido => ID: 762, Contenido: Hola desde el producer!
Mensaje recibido => ID: 768, Contenido: Hola desde el producer!
Mensaje recibido => ID: 774, Contenido: Hola desde el producer!
Mensaje recibido => ID: 780, Contenido: Hola desde el producer!
Mensaje recibido => ID: 786, Contenido: Hola desde el producer!
Mensaje recibido => ID: 792, Contenido: Hola desde el producer!
Mensaje recibido => ID: 798, Contenido: Hola desde el producer!
Mensaje recibido => ID: 804, Contenido: Hola desde el producer!
Mensaje recibido => ID: 810, Contenido: Hola desde el producer!
Mensaje recibido => ID: 816, Contenido: Hola desde el producer!
Mensaje recibido => ID: 822, Contenido: Hola desde el producer!
Mensaje recibido => ID: 828, Contenido: Hola desde el producer!
Mensaje recibido => ID: 834, Contenido: Hola desde el producer!
Mensaje recibido => ID: 840, Contenido: Hola desde el producer!
Mensaje recibido => ID: 846, Contenido: Hola desde el producer!
Mensaje recibido => ID: 852, Contenido: Hola desde el producer!
Mensaje recibido => ID: 858, Contenido: Hola desde el producer!
Mensaje recibido => ID: 864, Contenido: Hola desde el producer!
Mensaje recibido => ID: 870, Contenido: Hola desde el producer!
Mensaje recibido => ID: 876, Contenido: Hola desde el producer!
Mensaje recibido => ID: 882, Contenido: Hola desde el producer!
Mensaje recibido => ID: 888, Contenido: Hola desde el producer!
Mensaje recibido => ID: 894, Contenido: Hola desde el producer!
Mensaje recibido => ID: 900, Contenido: Hola desde el producer!
Mensaje recibido => ID: 906, Contenido: Hola desde el producer!
Mensaje recibido => ID: 912, Contenido: Hola desde el producer!
Mensaje recibido => ID: 918, Contenido: Hola desde el producer!
Mensaje recibido => ID: 924, Contenido: Hola desde el producer!
Mensaje recibido => ID: 930, Contenido: Hola desde el producer!
Mensaje recibido => ID: 936, Contenido: Hola desde el producer!
Mensaje recibido => ID: 942, Contenido: Hola desde el producer!
Mensaje recibido => ID: 948, Contenido: Hola desde el producer!
Mensaje recibido => ID: 954, Contenido: Hola desde el producer!
Mensaje recibido => ID: 960, Contenido: Hola desde el producer!
Mensaje recibido => ID: 966, Contenido: Hola desde el producer!
Mensaje recibido => ID: 972, Contenido: Hola desde el producer!
Mensaje recibido => ID: 978, Contenido: Hola desde el producer!
Mensaje recibido => ID: 984, Contenido: Hola desde el producer!
Mensaje recibido => ID: 990, Contenido: Hola desde el producer!
Mensaje recibido => ID: 996, Contenido: Hola desde el producer!
Respuesta del broker: NO_MESSAGES
Respuesta del broker: NO_MESSAGES
Respuesta del broker: NO_MESSAGES
Respuesta del broker: NO_MESSAGES
Respuesta del broker: NO_MESSAGES
Respuesta del broker: NO_MESSAGES
Respuesta del broker: NO_MESSAGES
Respuesta del broker: NO_MESSAGES
Respuesta del broker: NO_MESSAGES
Respuesta del broker: NO_MESSAGES
No se han recibido mensajes en 10 segundos. Enviando mensaje de apagado al broker y cerrando.
