Conectado al broker (consumer por tiempo).
Broker dice: READY
Mensaje recibido => ID: 0, Contenido: Hola desde el producer!
Mensaje recibido => ID: 7, Contenido: Hola desde el producer!
Mensaje recibido => ID: 13, Contenido: Hola desde el producer!
Mensaje recibido => ID: 19, Contenido: Hola desde el producer!
Mensaje recibido => ID: 25, Contenido: Hola desde el producer!
Mensaje recibido => ID: 31, Contenido: Hola desde el producer!
Mensaje recibido => ID: 37, Contenido: Hola desde el producer!
Mensaje recibido => ID: 43, Contenido: Hola desde el producer!
Mensaje recibido => ID: 49, Contenido: Hola desde el producer!
Mensaje recibido => ID: 55, Contenido: Hola desde el producer!
Mensaje recibido => ID: 61, Contenido: Hola desde el producer!
Mensaje recibido => ID: 67, Contenido: Hola desde el producer!
Mensaje recibido => ID: 73, Contenido: Hola desde el producer!
Mensaje recibido => ID: 79, Contenido: Hola desde el producer!
Mensaje recibido => ID: 85, Contenido: Hola desde el producer!
Mensaje recibido => ID: 91, Contenido: Hola desde el producer!
Mensaje recibido => ID: 97, Contenido: Hola desde el producer!
Mensaje recibido => ID: 103, Contenido: Hola desde el producer!
Mensaje recibido => ID: 109, Contenido: Hola desde el producer!
Mensaje recibido => ID: 115, Contenido: Hola desde el producer!
Mensaje recibido => ID: 121, Contenido: Hola desde el producer!
Mensaje recibido => ID: 127, Contenido: Hola desde el producer!
Mensaje recibido => ID: 133, Contenido: Hola desde el producer!
Mensaje recibido => ID: 139, Contenido: Hola desde el producer!
Mensaje recibido => ID: 145, Contenido: Hola desde el producer!
Mensaje recibido => ID: 151, Contenido: Hola desde el producer!
Mensaje recibido => ID: 157, Contenido: Hola desde el producer!
Mensaje recibido => ID: 163, Contenido: Hola desde el producer!
Mensaje recibido => ID: 170, Contenido: Hola desde el producer!
Mensaje recibido => ID: 176, Contenido: Hola desde el producer!
Mensaje recibido => ID: 182, Contenido: Hola desde el producer!
Mensaje recibido => ID: 189, Contenido: Hola desde el producer!
Mensaje recibido => ID: 195, Contenido: Hola desde el producer!
Mensaje recibido => ID: 201, Contenido: Hola desde el producer!
Mensaje recibido => ID: 207, Contenido: Hola desde el producer!
Mensaje recibido => ID: 213, Contenido: Hola desde el producer!
Mensaje recibido => ID: 219, Contenido: Hola desde el producer!
Mensaje recibido => ID: 225, Contenido: Hola desde el producer!
Mensaje recibido => ID: 231, Contenido: Hola desde el producer!
Mensaje recibido => ID: 237, Contenido: Hola desde el producer!
Mensaje recibido => ID: 243, Contenido: Hola desde el producer!
Mensaje recibido => ID: 249, Contenido: Hola desde el producer!
Mensaje recibido => ID: 255, Contenido: Hola desde el producer!
Mensaje recibido => ID: 261, Contenido: Hola desde el producer!
Mensaje recibido => ID: 267, Contenido: Hola desde el producer!
Mensaje recibido => ID: 273, Contenido: Hola desde el producer!
Mensaje recibido => ID: 279, Contenido: Hola desde el producer!
Mensaje recibido => ID: 285, Contenido: Hola desde el producer!
Mensaje recibido => ID: 291, Contenido: Hola desde el producer!
Mensaje recibido => ID: 297, Contenido: Hola desde el producer!
Mensaje recibido => ID: 303, Contenido: Hola desde el producer!
Mensaje recibido => ID: 309, Contenido: Hola desde el producer!
Mensaje recibido => ID: 315, Contenido: Hola desde el producer!
Mensaje recibido => ID: 321, Contenido: Hola desde el producer!
Mensaje recibido => ID: 327, Contenido: Hola desde el producer!
Mensaje recibido => ID: 333, Contenido: Hola desde el producer!
Mensaje recibido => ID: 339, Contenido: Hola desde el producer!
Mensaje recibido => ID: 345, Contenido: Hola desde el producer!
Mensaje recibido => ID: 351, Contenido: Hola desde el producer!
Mensaje recibido => ID: 357, Contenido: Hola desde el producer!
Mensaje recibido => ID: 363, Contenido: Hola desde el producer!
Mensaje recibido => ID: 369, Contenido: Hola desde el producer!
Mensaje recibido => ID: 375, Contenido: Hola desde el producer!
Mensaje recibido => ID: 381, Contenido: Hola desde el producer!
Mensaje recibido => ID: 387, Contenido: Hola desde el producer!
Mensaje recibido => ID: 393, Contenido: Hola desde el producer!
Mensaje recibido => ID: 399, Contenido: Hola desde el producer!
Mensaje recibido => ID: 405, Contenido: Hola desde el producer!
Mensaje recibido => ID: 411, Contenido: Hola desde el producer!
Mensaje recibido => ID: 417, Contenido: Hola desde el producer!
Mensaje recibido => ID: 423, Contenido: Hola desde el producer!
Mensaje recibido => ID: 429, Contenido: Hola desde el producer!
Mensaje recibido => ID: 435, Contenido: Hola desde el producer!
Mensaje recibido => ID: 441, Contenido: Hola desde el producer!
Mensaje recibido => ID: 447, Contenido: Hola desde el producer!
Mensaje recibido => ID: 453, Contenido: Hola desde el producer!
Mensaje recibido => ID: 459, Contenido: Hola desde el producer!
Mensaje recibido => ID: 465, Contenido: Hola desde el producer!
Mensaje recibido => ID: 471, Contenido: Hola desde el producer!
Mensaje recibido => ID: 477, Contenido: Hola desde el producer!
Mensaje recibido => ID: 483, Contenido: Hola desde el producer!
Mensaje recibido => ID: 489, Contenido: Hola desde el producer!
Mensaje recibido => ID: 495, Contenido: Hola desde el producer!
Mensaje recibido => ID: 501, Contenido: Hola desde el producer!
Mensaje recibido => ID: 507, Contenido: Hola desde el producer!
Mensaje recibido => ID: 513, Contenido: Hola desde el producer!
Mensaje recibido => ID: 519, Contenido: Hola desde el producer!
Mensaje recibido => ID: 525, Contenido: Hola desde el producer!
Mensaje recibido => ID: 531, Contenido: Hola desde el producer!
Mensaje recibido => ID: 537, Contenido: Hola desde el producer!
Mensaje recibido => ID: 543, Contenido: Hola desde el producer!
Mensaje recibido => ID: 549, Contenido: Hola desde el producer!
Mensaje recibido => ID: 555, Contenido: Hola desde el producer!
Mensaje recibido => ID: 561, Contenido: Hola desde el producer!
Mensaje recibido => ID: 567, Contenido: Hola desde el producer!
Mensaje recibido => ID: 573, Contenido: Hola desde el producer!
Mensaje recibido => ID: 579, Contenido: Hola desde el producer!
Mensaje recibido => ID: 585, Contenido: Hola desde el producer!
Mensaje recibido => ID: 591, Contenido: Hola desde el producer!
Mensaje recibido => ID: 597, Contenido: Hola desde el producer!
Mensaje recibido => ID: 603, Contenido: Hola desde el producer!
Mensaje recibido => ID: 609, Contenido: Hola desde el producer!
Mensaje recibido => ID: 615, Contenido: Hola desde el producer!
Mensaje recibido => ID: 621, Contenido: Hola desde el producer!
Mensaje recibido => ID: 627, Contenido: Hola desde el producer!
Mensaje recibido => ID: 633, Contenido: Hola desde el producer!
Mensaje recibido => ID: 639, Contenido: Hola desde el producer!
Mensaje recibido => ID: 645, Contenido: Hola desde el producer!
Mensaje recibido => ID: 651, Contenido: Hola desde el producer!
Mensaje recibido => ID: 657, Contenido: Hola desde el producer!
Mensaje recibido => ID: 663, Contenido: Hola desde el producer!
Mensaje recibido => ID: 669, Contenido: Hola desde el producer!
Mensaje recibido => ID: 675, Contenido: Hola desde el producer!
Mensaje recibido => ID: 681, Contenido: Hola desde el producer!
Mensaje recibido => ID: 687, Contenido: Hola desde el producer!
Mensaje recibido => ID: 693, Contenido: Hola desde el producer!
Mensaje recibido => ID: 699, Contenido: Hola desde el producer!
Mensaje recibido => ID: 705, Contenido: Hola desde el producer!
Mensaje recibido => ID: 711, Contenido: Hola desde el producer!
Mensaje recibido => ID: 717, Contenido: Hola desde el producer!
Mensaje recibido => ID: 723, Contenido: Hola desde el producer!
Mensaje recibido => ID: 729, Contenido: Hola desde el producer!
Mensaje recibido => ID: 735, Contenido: Hola desde el producer!
Mensaje recibido => ID: 741, Contenido: Hola desde el producer!
Mensaje recibido => ID: 747, Contenido: Hola desde el producer!
Mensaje recibido => ID: 753, Contenido: Hola desde el producer!
Mensaje recibido => ID: 759, Contenido: Hola desde el producer!
Mensaje recibido => ID: 765, Contenido: Hola desde el producer!
Mensaje recibido => ID: 771, Contenido: Hola desde el producer!
Mensaje recibido => ID: 777, Contenido: Hola desde el producer!
Mensaje recibido => ID: 783, Contenido: Hola desde el producer!
Mensaje recibido => ID: 789, Contenido: Hola desde el producer!
Mensaje recibido => ID: 795, Contenido: Hola desde el producer!
Mensaje recibido => ID: 801, Contenido: Hola desde el producer!
Mensaje recibido => ID: 807, Contenido: Hola desde el producer!
Mensaje recibido => ID: 813, Contenido: Hola desde el producer!
Mensaje recibido => ID: 819, Contenido: Hola desde el producer!
Mensaje recibido => ID: 825, Contenido: Hola desde el producer!
Mensaje recibido => ID: 831, Contenido: Hola desde el producer!
Mensaje recibido => ID: 837, Contenido: Hola desde el producer!
Mensaje recibido => ID: 843, Contenido: Hola desde el producer!
Mensaje recibido => ID: 849, Contenido: Hola desde el producer!
Mensaje recibido => ID: 855, Contenido: Hola desde el producer!
Mensaje recibido => ID: 861, Contenido: Hola desde el producer!
Mensaje recibido => ID: 867, Contenido: Hola desde el producer!
Mensaje recibido => ID: 873, Contenido: Hola desde el producer!
Mensaje recibido => ID: 879, Contenido: Hola desde el producer!
Mensaje recibido => ID: 885, Contenido: Hola desde el producer!
Mensaje recibido => ID: 891, Contenido: Hola desde el producer!
Mensaje recibido => ID: 897, Contenido: Hola desde el producer!
Mensaje recibido => ID: 903, Contenido: Hola desde el producer!
Mensaje recibido => ID: 909, Contenido: Hola desde el producer!
Mensaje recibido => ID: 915, Contenido: Hola desde el producer!
Mensaje recibido => ID: 921, Contenido: Hola desde el producer!
Mensaje recibido => ID: 927, Contenido: Hola desde el producer!
Mensaje recibido => ID: 933, Contenido: Hola desde el producer!
Mensaje recibido => ID: 939, Contenido: Hola desde el producer!
Mensaje recibido => ID: 945, Contenido: Hola desde el producer!
Mensaje recibido => ID: 951, Contenido: Hola desde el producer!
Mensaje recibido => ID: 957, Contenido: Hola desde el producer!
Mensaje recibido => ID: 963, Contenido: Hola desde el producer!
Mensaje recibido => ID: 969, Contenido: Hola desde el producer!
Mensaje recibido => ID: 975, Contenido: Hola desde el producer!
Mensaje recibido => ID: 981, Contenido: Hola desde el producer!
Mensaje recibido => ID: 987, Contenido: Hola desde el producer!
Mensaje recibido => ID: 993, Contenido: Hola desde el producer!
Respuesta del broker: NO_MESSAGES
Respuesta del broker: NO_MESSAGES
Respuesta del broker: NO_MESSAGES
Respuesta del broker: NO_MESSAGES
Respuesta del broker: NO_MESSAGES
Respuesta del broker: NO_MESSAGES
Respuesta del broker: NO_MESSAGES
Respuesta del broker: NO_MESSAGES
Respuesta del broker: NO_MESSAGES
Respuesta del broker: NO_MESSAGES
No se han recibido mensajes en 10 segundos. Enviando mensaje de apagado al broker y cerrando.
