Conectado al broker (consumer por tiempo).
Broker dice: READY
Mensaje recibido => ID: 2, Contenido: Hola desde el producer!
Mensaje recibido => ID: 9, Contenido: Hola desde el producer!
Mensaje recibido => ID: 15, Contenido: Hola desde el producer!
Mensaje recibido => ID: 21, Contenido: Hola desde el producer!
Mensaje recibido => ID: 27, Contenido: Hola desde el producer!
Mensaje recibido => ID: 33, Contenido: Hola desde el producer!
Mensaje recibido => ID: 39, Contenido: Hola desde el producer!
Mensaje recibido => ID: 45, Contenido: Hola desde el producer!
Mensaje recibido => ID: 51, Contenido: Hola desde el producer!
Mensaje recibido => ID: 57, Contenido: Hola desde el producer!
Mensaje recibido => ID: 63, Contenido: Hola desde el producer!
Mensaje recibido => ID: 69, Contenido: Hola desde el producer!
Mensaje recibido => ID: 75, Contenido: Hola desde el producer!
Mensaje recibido => ID: 81, Contenido: Hola desde el producer!
Mensaje recibido => ID: 87, Contenido: Hola desde el producer!
Mensaje recibido => ID: 93, Contenido: Hola desde el producer!
Mensaje recibido => ID: 99, Contenido: Hola desde el producer!
Mensaje recibido => ID: 105, Contenido: Hola desde el producer!
Mensaje recibido => ID: 111, Contenido: Hola desde el producer!
Mensaje recibido => ID: 117, Contenido: Hola desde el producer!
Mensaje recibido => ID: 123, Contenido: Hola desde el producer!
Mensaje recibido => ID: 129, Contenido: Hola desde el producer!
Mensaje recibido => ID: 135, Contenido: Hola desde el producer!
Mensaje recibido => ID: 141, Contenido: Hola desde el producer!
Mensaje recibido => ID: 147, Contenido: Hola desde el producer!
Mensaje recibido => ID: 153, Contenido: Hola desde el producer!
Mensaje recibido => ID: 159, Contenido: Hola desde el producer!
Mensaje recibido => ID: 166, Contenido: Hola desde el producer!
Mensaje recibido => ID: 172, Contenido: Hola desde el producer!
Mensaje recibido => ID: 178, Contenido: Hola desde el producer!
Mensaje recibido => ID: 184, Contenido: Hola desde el producer!
Mensaje recibido => ID: 191, Contenido: Hola desde el producer!
Mensaje recibido => ID: 197, Contenido: Hola desde el producer!
Mensaje recibido => ID: 203, Contenido: Hola desde el producer!
Mensaje recibido => ID: 209, Contenido: Hola desde el producer!
Mensaje recibido => ID: 215, Contenido: Hola desde el producer!
Mensaje recibido => ID: 221, Contenido: Hola desde el producer!
Mensaje recibido => ID: 227, Contenido: Hola desde el producer!
Mensaje recibido => ID: 233, Contenido: Hola desde el producer!
Mensaje recibido => ID: 239, Contenido: Hola desde el producer!
Mensaje recibido => ID: 245, Contenido: Hola desde el producer!
Mensaje recibido => ID: 251, Contenido: Hola desde el producer!
Mensaje recibido => ID: 257, Contenido: Hola desde el producer!
Mensaje recibido => ID: 263, Contenido: Hola desde el producer!
Mensaje recibido => ID: 269, Contenido: Hola desde el producer!
Mensaje recibido => ID: 275, Contenido: Hola desde el producer!
Mensaje recibido => ID: 281, Contenido: Hola desde el producer!
Mensaje recibido => ID: 287, Contenido: Hola desde el producer!
Mensaje recibido => ID: 293, Contenido: Hola desde el producer!
Mensaje recibido => ID: 299, Contenido: Hola desde el producer!
Mensaje recibido => ID: 305, Contenido: Hola desde el producer!
Mensaje recibido => ID: 311, Contenido: Hola desde el producer!
Mensaje recibido => ID: 317, Contenido: Hola desde el producer!
Mensaje recibido => ID: 323, Contenido: Hola desde el producer!
Mensaje recibido => ID: 329, Contenido: Hola desde el producer!
Mensaje recibido => ID: 335, Contenido: Hola desde el producer!
Mensaje recibido => ID: 341, Contenido: Hola desde el producer!
Mensaje recibido => ID: 347, Contenido: Hola desde el producer!
Mensaje recibido => ID: 353, Contenido: Hola desde el producer!
Mensaje recibido => ID: 359, Contenido: Hola desde el producer!
Mensaje recibido => ID: 365, Contenido: Hola desde el producer!
Mensaje recibido => ID: 371, Contenido: Hola desde el producer!
Mensaje recibido => ID: 377, Contenido: Hola desde el producer!
Mensaje recibido => ID: 383, Contenido: Hola desde el producer!
Mensaje recibido => ID: 389, Contenido: Hola desde el producer!
Mensaje recibido => ID: 395, Contenido: Hola desde el producer!
Mensaje recibido => ID: 401, Contenido: Hola desde el producer!
Mensaje recibido => ID: 407, Contenido: Hola desde el producer!
Mensaje recibido => ID: 413, Contenido: Hola desde el producer!
Mensaje recibido => ID: 419, Contenido: Hola desde el producer!
Mensaje recibido => ID: 425, Contenido: Hola desde el producer!
Mensaje recibido => ID: 431, Contenido: Hola desde el producer!
Mensaje recibido => ID: 437, Contenido: Hola desde el producer!
Mensaje recibido => ID: 443, Contenido: Hola desde el producer!
Mensaje recibido => ID: 449, Contenido: Hola desde el producer!
Mensaje recibido => ID: 455, Contenido: Hola desde el producer!
Mensaje recibido => ID: 461, Contenido: Hola desde el producer!
Mensaje recibido => ID: 467, Contenido: Hola desde el producer!
Mensaje recibido => ID: 473, Contenido: Hola desde el producer!
Mensaje recibido => ID: 479, Contenido: Hola desde el producer!
Mensaje recibido => ID: 485, Contenido: Hola desde el producer!
Mensaje recibido => ID: 491, Contenido: Hola desde el producer!
Mensaje recibido => ID: 497, Contenido: Hola desde el producer!
Mensaje recibido => ID: 503, Contenido: Hola desde el producer!
Mensaje recibido => ID: 509, Contenido: Hola desde el producer!
Mensaje recibido => ID: 515, Contenido: Hola desde el producer!
Mensaje recibido => ID: 521, Contenido: Hola desde el producer!
Mensaje recibido => ID: 527, Contenido: Hola desde el producer!
Mensaje recibido => ID: 533, Contenido: Hola desde el producer!
Mensaje recibido => ID: 539, Contenido: Hola desde el producer!
Mensaje recibido => ID: 545, Contenido: Hola desde el producer!
Mensaje recibido => ID: 551, Contenido: Hola desde el producer!
Mensaje recibido => ID: 557, Contenido: Hola desde el producer!
Mensaje recibido => ID: 563, Contenido: Hola desde el producer!
Mensaje recibido => ID: 569, Contenido: Hola desde el producer!
Mensaje recibido => ID: 575, Contenido: Hola desde el producer!
Mensaje recibido => ID: 581, Contenido: Hola desde el producer!
Mensaje recibido => ID: 587, Contenido: Hola desde el producer!
Mensaje recibido => ID: 593, Contenido: Hola desde el producer!
Mensaje recibido => ID: 599, Contenido: Hola desde el producer!
Mensaje recibido => ID: 605, Contenido: Hola desde el producer!
Mensaje recibido => ID: 611, Contenido: Hola desde el producer!
Mensaje recibido => ID: 617, Contenido: Hola desde el producer!
Mensaje recibido => ID: 623, Contenido: Hola desde el producer!
Mensaje recibido => ID: 629, Contenido: Hola desde el producer!
Mensaje recibido => ID: 635, Contenido: Hola desde el producer!
Mensaje recibido => ID: 641, Contenido: Hola desde el producer!
Mensaje recibido => ID: 647, Contenido: Hola desde el producer!
Mensaje recibido => ID: 653, Contenido: Hola desde el producer!
Mensaje recibido => ID: 659, Contenido: Hola desde el producer!
Mensaje recibido => ID: 665, Contenido: Hola desde el producer!
Mensaje recibido => ID: 671, Contenido: Hola desde el producer!
Mensaje recibido => ID: 677, Contenido: Hola desde el producer!
Mensaje recibido => ID: 683, Contenido: Hola desde el producer!
Mensaje recibido => ID: 689, Contenido: Hola desde el producer!
Mensaje recibido => ID: 695, Contenido: Hola desde el producer!
Mensaje recibido => ID: 701, Contenido: Hola desde el producer!
Mensaje recibido => ID: 707, Contenido: Hola desde el producer!
Mensaje recibido => ID: 713, Contenido: Hola desde el producer!
Mensaje recibido => ID: 719, Contenido: Hola desde el producer!
Mensaje recibido => ID: 725, Contenido: Hola desde el producer!
Mensaje recibido => ID: 731, Contenido: Hola desde el producer!
Mensaje recibido => ID: 737, Contenido: Hola desde el producer!
Mensaje recibido => ID: 743, Contenido: Hola desde el producer!
Mensaje recibido => ID: 749, Contenido: Hola desde el producer!
Mensaje recibido => ID: 755, Contenido: Hola desde el producer!
Mensaje recibido => ID: 761, Contenido: Hola desde el producer!
Mensaje recibido => ID: 767, Contenido: Hola desde el producer!
Mensaje recibido => ID: 773, Contenido: Hola desde el producer!
Mensaje recibido => ID: 779, Contenido: Hola desde el producer!
Mensaje recibido => ID: 785, Contenido: Hola desde el producer!
Mensaje recibido => ID: 791, Contenido: Hola desde el producer!
Mensaje recibido => ID: 797, Contenido: Hola desde el producer!
Mensaje recibido => ID: 803, Contenido: Hola desde el producer!
Mensaje recibido => ID: 809, Contenido: Hola desde el producer!
Mensaje recibido => ID: 815, Contenido: Hola desde el producer!
Mensaje recibido => ID: 821, Contenido: Hola desde el producer!
Mensaje recibido => ID: 827, Contenido: Hola desde el producer!
Mensaje recibido => ID: 833, Contenido: Hola desde el producer!
Mensaje recibido => ID: 839, Contenido: Hola desde el producer!
Mensaje recibido => ID: 845, Contenido: Hola desde el producer!
Mensaje recibido => ID: 851, Contenido: Hola desde el producer!
Mensaje recibido => ID: 857, Contenido: Hola desde el producer!
Mensaje recibido => ID: 863, Contenido: Hola desde el producer!
Mensaje recibido => ID: 869, Contenido: Hola desde el producer!
Mensaje recibido => ID: 875, Contenido: Hola desde el producer!
Mensaje recibido => ID: 881, Contenido: Hola desde el producer!
Mensaje recibido => ID: 887, Contenido: Hola desde el producer!
Mensaje recibido => ID: 893, Contenido: Hola desde el producer!
Mensaje recibido => ID: 899, Contenido: Hola desde el producer!
Mensaje recibido => ID: 905, Contenido: Hola desde el producer!
Mensaje recibido => ID: 911, Contenido: Hola desde el producer!
Mensaje recibido => ID: 917, Contenido: Hola desde el producer!
Mensaje recibido => ID: 923, Contenido: Hola desde el producer!
Mensaje recibido => ID: 929, Contenido: Hola desde el producer!
Mensaje recibido => ID: 935, Contenido: Hola desde el producer!
Mensaje recibido => ID: 941, Contenido: Hola desde el producer!
Mensaje recibido => ID: 947, Contenido: Hola desde el producer!
Mensaje recibido => ID: 953, Contenido: Hola desde el producer!
Mensaje recibido => ID: 959, Contenido: Hola desde el producer!
Mensaje recibido => ID: 965, Contenido: Hola desde el producer!
Mensaje recibido => ID: 971, Contenido: Hola desde el producer!
Mensaje recibido => ID: 977, Contenido: Hola desde el producer!
Mensaje recibido => ID: 983, Contenido: Hola desde el producer!
Mensaje recibido => ID: 989, Contenido: Hola desde el producer!
Mensaje recibido => ID: 995, Contenido: Hola desde el producer!
Respuesta del broker: NO_MESSAGES
Respuesta del broker: NO_MESSAGES
Respuesta del broker: NO_MESSAGES
Respuesta del broker: NO_MESSAGES
Respuesta del broker: NO_MESSAGES
Respuesta del broker: NO_MESSAGES
Respuesta del broker: NO_MESSAGES
Respuesta del broker: NO_MESSAGES
Respuesta del broker: NO_MESSAGES
Respuesta del broker: NO_MESSAGES
No se han recibido mensajes en 10 segundos. Enviando mensaje de apagado al broker y cerrando.
