Conectado al broker (consumer por tiempo).
Broker dice: READY
Mensaje recibido => ID: 1, Contenido: Hola desde el producer!
Mensaje recibido => ID: 8, Contenido: Hola desde el producer!
Mensaje recibido => ID: 14, Contenido: Hola desde el producer!
Mensaje recibido => ID: 20, Contenido: Hola desde el producer!
Mensaje recibido => ID: 26, Contenido: Hola desde el producer!
Mensaje recibido => ID: 32, Contenido: Hola desde el producer!
Mensaje recibido => ID: 38, Contenido: Hola desde el producer!
Mensaje recibido => ID: 44, Contenido: Hola desde el producer!
Mensaje recibido => ID: 50, Contenido: Hola desde el producer!
Mensaje recibido => ID: 56, Contenido: Hola desde el producer!
Mensaje recibido => ID: 62, Contenido: Hola desde el producer!
Mensaje recibido => ID: 68, Contenido: Hola desde el producer!
Mensaje recibido => ID: 74, Contenido: Hola desde el producer!
Mensaje recibido => ID: 80, Contenido: Hola desde el producer!
Mensaje recibido => ID: 86, Contenido: Hola desde el producer!
Mensaje recibido => ID: 92, Contenido: Hola desde el producer!
Mensaje recibido => ID: 98, Contenido: Hola desde el producer!
Mensaje recibido => ID: 104, Contenido: Hola desde el producer!
Mensaje recibido => ID: 110, Contenido: Hola desde el producer!
Mensaje recibido => ID: 116, Contenido: Hola desde el producer!
Mensaje recibido => ID: 122, Contenido: Hola desde el producer!
Mensaje recibido => ID: 128, Contenido: Hola desde el producer!
Mensaje recibido => ID: 134, Contenido: Hola desde el producer!
Mensaje recibido => ID: 140, Contenido: Hola desde el producer!
Mensaje recibido => ID: 146, Contenido: Hola desde el producer!
Mensaje recibido => ID: 152, Contenido: Hola desde el producer!
Mensaje recibido => ID: 158, Contenido: Hola desde el producer!
Mensaje recibido => ID: 165, Contenido: Hola desde el producer!
Mensaje recibido => ID: 171, Contenido: Hola desde el producer!
Mensaje recibido => ID: 177, Contenido: Hola desde el producer!
Mensaje recibido => ID: 183, Contenido: Hola desde el producer!
Mensaje recibido => ID: 190, Contenido: Hola desde el producer!
Mensaje recibido => ID: 196, Contenido: Hola desde el producer!
Mensaje recibido => ID: 202, Contenido: Hola desde el producer!
Mensaje recibido => ID: 208, Contenido: Hola desde el producer!
Mensaje recibido => ID: 214, Contenido: Hola desde el producer!
Mensaje recibido => ID: 220, Contenido: Hola desde el producer!
Mensaje recibido => ID: 226, Contenido: Hola desde el producer!
Mensaje recibido => ID: 232, Contenido: Hola desde el producer!
Mensaje recibido => ID: 238, Contenido: Hola desde el producer!
Mensaje recibido => ID: 244, Contenido: Hola desde el producer!
Mensaje recibido => ID: 250, Contenido: Hola desde el producer!
Mensaje recibido => ID: 256, Contenido: Hola desde el producer!
Mensaje recibido => ID: 262, Contenido: Hola desde el producer!
Mensaje recibido => ID: 268, Contenido: Hola desde el producer!
Mensaje recibido => ID: 274, Contenido: Hola desde el producer!
Mensaje recibido => ID: 280, Contenido: Hola desde el producer!
Mensaje recibido => ID: 286, Contenido: Hola desde el producer!
Mensaje recibido => ID: 292, Contenido: Hola desde el producer!
Mensaje recibido => ID: 298, Contenido: Hola desde el producer!
Mensaje recibido => ID: 304, Contenido: Hola desde el producer!
Mensaje recibido => ID: 310, Contenido: Hola desde el producer!
Mensaje recibido => ID: 316, Contenido: Hola desde el producer!
Mensaje recibido => ID: 322, Contenido: Hola desde el producer!
Mensaje recibido => ID: 328, Contenido: Hola desde el producer!
Mensaje recibido => ID: 334, Contenido: Hola desde el producer!
Mensaje recibido => ID: 340, Contenido: Hola desde el producer!
Mensaje recibido => ID: 346, Contenido: Hola desde el producer!
Mensaje recibido => ID: 352, Contenido: Hola desde el producer!
Mensaje recibido => ID: 358, Contenido: Hola desde el producer!
Mensaje recibido => ID: 364, Contenido: Hola desde el producer!
Mensaje recibido => ID: 370, Contenido: Hola desde el producer!
Mensaje recibido => ID: 376, Contenido: Hola desde el producer!
Mensaje recibido => ID: 382, Contenido: Hola desde el producer!
Mensaje recibido => ID: 388, Contenido: Hola desde el producer!
Mensaje recibido => ID: 394, Contenido: Hola desde el producer!
Mensaje recibido => ID: 400, Contenido: Hola desde el producer!
Mensaje recibido => ID: 406, Contenido: Hola desde el producer!
Mensaje recibido => ID: 412, Contenido: Hola desde el producer!
Mensaje recibido => ID: 418, Contenido: Hola desde el producer!
Mensaje recibido => ID: 424, Contenido: Hola desde el producer!
Mensaje recibido => ID: 430, Contenido: Hola desde el producer!
Mensaje recibido => ID: 436, Contenido: Hola desde el producer!
Mensaje recibido => ID: 442, Contenido: Hola desde el producer!
Mensaje recibido => ID: 448, Contenido: Hola desde el producer!
Mensaje recibido => ID: 454, Contenido: Hola desde el producer!
Mensaje recibido => ID: 460, Contenido: Hola desde el producer!
Mensaje recibido => ID: 466, Contenido: Hola desde el producer!
Mensaje recibido => ID: 472, Contenido: Hola desde el producer!
Mensaje recibido => ID: 478, Contenido: Hola desde el producer!
Mensaje recibido => ID: 484, Contenido: Hola desde el producer!
Mensaje recibido => ID: 490, Contenido: Hola desde el producer!
Mensaje recibido => ID: 496, Contenido: Hola desde el producer!
Mensaje recibido => ID: 502, Contenido: Hola desde el producer!
Mensaje recibido => ID: 508, Contenido: Hola desde el producer!
Mensaje recibido => ID: 514, Contenido: Hola desde el producer!
Mensaje recibido => ID: 520, Contenido: Hola desde el producer!
Mensaje recibido => ID: 526, Contenido: Hola desde el producer!
Mensaje recibido => ID: 532, Contenido: Hola desde el producer!
Mensaje recibido => ID: 538, Contenido: Hola desde el producer!
Mensaje recibido => ID: 544, Contenido: Hola desde el producer!
Mensaje recibido => ID: 550, Contenido: Hola desde el producer!
Mensaje recibido => ID: 556, Contenido: Hola desde el producer!
Mensaje recibido => ID: 562, Contenido: Hola desde el producer!
Mensaje recibido => ID: 568, Contenido: Hola desde el producer!
Mensaje recibido => ID: 574, Contenido: Hola desde el producer!
Mensaje recibido => ID: 580, Contenido: Hola desde el producer!
Mensaje recibido => ID: 586, Contenido: Hola desde el producer!
Mensaje recibido => ID: 592, Contenido: Hola desde el producer!
Mensaje recibido => ID: 598, Contenido: Hola desde el producer!
Mensaje recibido => ID: 604, Contenido: Hola desde el producer!
Mensaje recibido => ID: 610, Contenido: Hola desde el producer!
Mensaje recibido => ID: 616, Contenido: Hola desde el producer!
Mensaje recibido => ID: 622, Contenido: Hola desde el producer!
Mensaje recibido => ID: 628, Contenido: Hola desde el producer!
Mensaje recibido => ID: 634, Contenido: Hola desde el producer!
Mensaje recibido => ID: 640, Contenido: Hola desde el producer!
Mensaje recibido => ID: 646, Contenido: Hola desde el producer!
Mensaje recibido => ID: 652, Contenido: Hola desde el producer!
Mensaje recibido => ID: 658, Contenido: Hola desde el producer!
Mensaje recibido => ID: 664, Contenido: Hola desde el producer!
Mensaje recibido => ID: 670, Contenido: Hola desde el producer!
Mensaje recibido => ID: 676, Contenido: Hola desde el producer!
Mensaje recibido => ID: 682, Contenido: Hola desde el producer!
Mensaje recibido => ID: 688, Contenido: Hola desde el producer!
Mensaje recibido => ID: 694, Contenido: Hola desde el producer!
Mensaje recibido => ID: 700, Contenido: Hola desde el producer!
Mensaje recibido => ID: 706, Contenido: Hola desde el producer!
Mensaje recibido => ID: 712, Contenido: Hola desde el producer!
Mensaje recibido => ID: 718, Contenido: Hola desde el producer!
Mensaje recibido => ID: 724, Contenido: Hola desde el producer!
Mensaje recibido => ID: 730, Contenido: Hola desde el producer!
Mensaje recibido => ID: 736, Contenido: Hola desde el producer!
Mensaje recibido => ID: 742, Contenido: Hola desde el producer!
Mensaje recibido => ID: 748, Contenido: Hola desde el producer!
Mensaje recibido => ID: 754, Contenido: Hola desde el producer!
Mensaje recibido => ID: 760, Contenido: Hola desde el producer!
Mensaje recibido => ID: 766, Contenido: Hola desde el producer!
Mensaje recibido => ID: 772, Contenido: Hola desde el producer!
Mensaje recibido => ID: 778, Contenido: Hola desde el producer!
Mensaje recibido => ID: 784, Contenido: Hola desde el producer!
Mensaje recibido => ID: 790, Contenido: Hola desde el producer!
Mensaje recibido => ID: 796, Contenido: Hola desde el producer!
Mensaje recibido => ID: 802, Contenido: Hola desde el producer!
Mensaje recibido => ID: 808, Contenido: Hola desde el producer!
Mensaje recibido => ID: 814, Contenido: Hola desde el producer!
Mensaje recibido => ID: 820, Contenido: Hola desde el producer!
Mensaje recibido => ID: 826, Contenido: Hola desde el producer!
Mensaje recibido => ID: 832, Contenido: Hola desde el producer!
Mensaje recibido => ID: 838, Contenido: Hola desde el producer!
Mensaje recibido => ID: 844, Contenido: Hola desde el producer!
Mensaje recibido => ID: 850, Contenido: Hola desde el producer!
Mensaje recibido => ID: 856, Contenido: Hola desde el producer!
Mensaje recibido => ID: 862, Contenido: Hola desde el producer!
Mensaje recibido => ID: 868, Contenido: Hola desde el producer!
Mensaje recibido => ID: 874, Contenido: Hola desde el producer!
Mensaje recibido => ID: 880, Contenido: Hola desde el producer!
Mensaje recibido => ID: 886, Contenido: Hola desde el producer!
Mensaje recibido => ID: 892, Contenido: Hola desde el producer!
Mensaje recibido => ID: 898, Contenido: Hola desde el producer!
Mensaje recibido => ID: 904, Contenido: Hola desde el producer!
Mensaje recibido => ID: 910, Contenido: Hola desde el producer!
Mensaje recibido => ID: 916, Contenido: Hola desde el producer!
Mensaje recibido => ID: 922, Contenido: Hola desde el producer!
Mensaje recibido => ID: 928, Contenido: Hola desde el producer!
Mensaje recibido => ID: 934, Contenido: Hola desde el producer!
Mensaje recibido => ID: 940, Contenido: Hola desde el producer!
Mensaje recibido => ID: 946, Contenido: Hola desde el producer!
Mensaje recibido => ID: 952, Contenido: Hola desde el producer!
Mensaje recibido => ID: 958, Contenido: Hola desde el producer!
Mensaje recibido => ID: 964, Contenido: Hola desde el producer!
Mensaje recibido => ID: 970, Contenido: Hola desde el producer!
Mensaje recibido => ID: 976, Contenido: Hola desde el producer!
Mensaje recibido => ID: 982, Contenido: Hola desde el producer!
Mensaje recibido => ID: 988, Contenido: Hola desde el producer!
Mensaje recibido => ID: 994, Contenido: Hola desde el producer!
Respuesta del broker: NO_MESSAGES
Respuesta del broker: NO_MESSAGES
Respuesta del broker: NO_MESSAGES
Respuesta del broker: NO_MESSAGES
Respuesta del broker: NO_MESSAGES
Respuesta del broker: NO_MESSAGES
Respuesta del broker: NO_MESSAGES
Respuesta del broker: NO_MESSAGES
Respuesta del broker: NO_MESSAGES
Respuesta del broker: NO_MESSAGES
No se han recibido mensajes en 10 segundos. Enviando mensaje de apagado al broker y cerrando.
